<?xml version="1.0" ?>
<!DOCTYPE coverage SYSTEM "http://cobertura.sourceforge.net/xml/coverage-04.dtd">
<coverage lines-valid="3" lines-covered="3" line-rate="1" branches-valid="1" branches-covered="1" branch-rate="1" timestamp="1736779470629" complexity="0" version="0.1">
  <sources>
    <source>/Users/samueladebowale/MyProjects/Book_Projects/mastering-aws-lambda/node-template-2024</source>
  </sources>
  <packages>
    <package name="main" line-rate="1" branch-rate="1">
      <classes>
        <class name="utils.ts" filename="src/utils.ts" line-rate="1" branch-rate="1">
          <methods>
            <method name="add" hits="1" signature="()V">
              <lines>
                <line number="1" hits="1"/>
              </lines>
            </method>
          </methods>
          <lines>
            <line number="1" hits="1" branch="true" condition-coverage="100% (1/1)"/>
            <line number="2" hits="1" branch="false"/>
            <line number="3" hits="1" branch="false"/>
          </lines>
        </class>
      </classes>
    </package>
  </packages>
</coverage>
